<?xml version="1.0" encoding="UTF-8"?>
<!-- Generated by org.testng.reporters.JUnitReportReporter -->
<testsuite skipped="0" hostname="ip-172-31-16-114" name="test.CheckOutTest" tests="1" failures="0" timestamp="2022-03-05T06:29:44 UTC" time="0.006" errors="0">
  <testcase name="test4" time="0.006" classname="test.CheckOutTest"/>
  <system-out/>
</testsuite> <!-- test.CheckOutTest -->
