<?xml version="1.0" encoding="UTF-8"?>
<!-- Generated by org.testng.reporters.JUnitReportReporter -->
<testsuite skipped="0" hostname="ip-172-31-16-114" name="test.AnnotationExample" tests="2" failures="0" timestamp="2022-03-05T06:52:45 UTC" time="0.016" errors="0">
  <testcase name="test2" time="0.011" classname="test.AnnotationExample"/>
  <system-out/>
  <testcase name="test1" time="0.005" classname="test.AnnotationExample"/>
  <system-out/>
</testsuite> <!-- test.AnnotationExample -->
