<?xml version="1.0" encoding="UTF-8"?>
<!-- Generated by org.testng.reporters.JUnitReportReporter -->
<testsuite skipped="0" hostname="ip-172-31-16-114" name="test.HomePageTest" tests="2" failures="0" timestamp="2022-03-05T07:08:30 UTC" time="0.019" errors="0">
  <testcase name="test6" time="0.018" classname="test.HomePageTest"/>
  <system-out/>
  <testcase name="test3" time="0.001" classname="test.HomePageTest"/>
  <system-out/>
</testsuite> <!-- test.HomePageTest -->
